# JRE version: Java(TM) SE Runtime Environment (12.0.2+10) (build 12.0.2+10)
# Java VM: Java HotSpot(TM) 64-Bit Server VM (12.0.2+10, mixed mode, sharing, tiered, compressed oops, g1 gc, windows-amd64)
Heap:
 garbage-first heap   total 60416K, used 39870K [0x0000000701e00000, 0x0000000800000000)
  region size 1024K, 10 young (10240K), 2 survivors (2048K)
 Metaspace       used 23777K, capacity 24271K, committed 24368K, reserved 1071104K
  class space    used 2722K, capacity 2910K, committed 2944K, reserved 1048576K
GC Heap History (10 events):
Event: 1.930 GC heap before
{Heap before GC invocations=2 (full 0):
 garbage-first heap   total 262144K, used 46988K [0x0000000701e00000, 0x0000000800000000)
  region size 1024K, 39 young (39936K), 2 survivors (2048K)
 Metaspace       used 18024K, capacity 18478K, committed 18816K, reserved 1064960K
  class space    used 2170K, capacity 2344K, committed 2432K, reserved 1048576K
}
Event: 1.932 GC heap after
{Heap after GC invocations=3 (full 0):
 garbage-first heap   total 262144K, used 9382K [0x0000000701e00000, 0x0000000800000000)
  region size 1024K, 2 young (2048K), 2 survivors (2048K)
 Metaspace       used 18024K, capacity 18478K, committed 18816K, reserved 1064960K
  class space    used 2170K, capacity 2344K, committed 2432K, reserved 1048576K
}
Event: 2.050 GC heap before
{Heap before GC invocations=3 (full 0):
 garbage-first heap   total 262144K, used 65702K [0x0000000701e00000, 0x0000000800000000)
  region size 1024K, 57 young (58368K), 2 survivors (2048K)
 Metaspace       used 18050K, capacity 18487K, committed 18816K, reserved 1064960K
  class space    used 2171K, capacity 2346K, committed 2432K, reserved 1048576K
}
Event: 2.052 GC heap after
{Heap after GC invocations=4 (full 0):
 garbage-first heap   total 262144K, used 9370K [0x0000000701e00000, 0x0000000800000000)
  region size 1024K, 2 young (2048K), 2 survivors (2048K)
 Metaspace       used 18050K, capacity 18487K, committed 18816K, reserved 1064960K
  class space    used 2171K, capacity 2346K, committed 2432K, reserved 1048576K
}
Event: 2.494 GC heap before
{Heap before GC invocations=4 (full 0):
 garbage-first heap   total 262144K, used 33946K [0x0000000701e00000, 0x0000000800000000)
  region size 1024K, 25 young (25600K), 2 survivors (2048K)
 Metaspace       used 20719K, capacity 21155K, committed 21296K, reserved 1069056K
  class space    used 2482K, capacity 2641K, committed 2688K, reserved 1048576K
}
Event: 2.497 GC heap after
{Heap after GC invocations=5 (full 0):
 garbage-first heap   total 262144K, used 9829K [0x0000000701e00000, 0x0000000800000000)
  region size 1024K, 3 young (3072K), 3 survivors (3072K)
 Metaspace       used 20719K, capacity 21155K, committed 21296K, reserved 1069056K
  class space    used 2482K, capacity 2641K, committed 2688K, reserved 1048576K
}
Event: 2.882 GC heap before
{Heap before GC invocations=6 (full 0):
 garbage-first heap   total 45056K, used 38501K [0x0000000701e00000, 0x0000000800000000)
  region size 1024K, 21 young (21504K), 3 survivors (3072K)
 Metaspace       used 22956K, capacity 23461K, committed 23600K, reserved 1071104K
  class space    used 2673K, capacity 2874K, committed 2944K, reserved 1048576K
}
Event: 2.886 GC heap after
{Heap after GC invocations=7 (full 0):
 garbage-first heap   total 45056K, used 21304K [0x0000000701e00000, 0x0000000800000000)
  region size 1024K, 4 young (4096K), 4 survivors (4096K)
 Metaspace       used 22956K, capacity 23461K, committed 23600K, reserved 1071104K
  class space    used 2673K, capacity 2874K, committed 2944K, reserved 1048576K
}
Event: 10.511 GC heap before
{Heap before GC invocations=8 (full 0):
 garbage-first heap   total 53248K, used 31544K [0x0000000701e00000, 0x0000000800000000)
  region size 1024K, 7 young (7168K), 4 survivors (4096K)
 Metaspace       used 23299K, capacity 23788K, committed 24112K, reserved 1071104K
  class space    used 2692K, capacity 2877K, committed 2944K, reserved 1048576K
}
Event: 10.516 GC heap after
{Heap after GC invocations=9 (full 0):
 garbage-first heap   total 53248K, used 24510K [0x0000000701e00000, 0x0000000800000000)
  region size 1024K, 2 young (2048K), 2 survivors (2048K)
 Metaspace       used 23299K, capacity 23788K, committed 24112K, reserved 1071104K
  class space    used 2692K, capacity 2877K, committed 2944K, reserved 1048576K
}

