# JRE version: Java(TM) SE Runtime Environment (12.0.2+10) (build 12.0.2+10)
# Java VM: Java HotSpot(TM) 64-Bit Server VM (12.0.2+10, mixed mode, sharing, tiered, compressed oops, g1 gc, windows-amd64)
Heap:
 garbage-first heap   total 53248K, used 39478K [0x0000000701e00000, 0x0000000800000000)
  region size 1024K, 14 young (14336K), 3 survivors (3072K)
 Metaspace       used 23795K, capacity 24325K, committed 24624K, reserved 1071104K
  class space    used 2711K, capacity 2906K, committed 2944K, reserved 1048576K
GC Heap History (10 events):
Event: 1.274 GC heap before
{Heap before GC invocations=1 (full 0):
 garbage-first heap   total 262144K, used 34481K [0x0000000701e00000, 0x0000000800000000)
  region size 1024K, 28 young (28672K), 3 survivors (3072K)
 Metaspace       used 17902K, capacity 18375K, committed 18560K, reserved 1064960K
  class space    used 2161K, capacity 2311K, committed 2432K, reserved 1048576K
}
Event: 1.280 GC heap after
{Heap after GC invocations=2 (full 0):
 garbage-first heap   total 262144K, used 8883K [0x0000000701e00000, 0x0000000800000000)
  region size 1024K, 2 young (2048K), 2 survivors (2048K)
 Metaspace       used 17902K, capacity 18375K, committed 18560K, reserved 1064960K
  class space    used 2161K, capacity 2311K, committed 2432K, reserved 1048576K
}
Event: 1.387 GC heap before
{Heap before GC invocations=2 (full 0):
 garbage-first heap   total 262144K, used 42675K [0x0000000701e00000, 0x0000000800000000)
  region size 1024K, 35 young (35840K), 2 survivors (2048K)
 Metaspace       used 18004K, capacity 18446K, committed 18816K, reserved 1064960K
  class space    used 2165K, capacity 2312K, committed 2432K, reserved 1048576K
}
Event: 1.388 GC heap after
{Heap after GC invocations=3 (full 0):
 garbage-first heap   total 262144K, used 8888K [0x0000000701e00000, 0x0000000800000000)
  region size 1024K, 2 young (2048K), 2 survivors (2048K)
 Metaspace       used 18004K, capacity 18446K, committed 18816K, reserved 1064960K
  class space    used 2165K, capacity 2312K, committed 2432K, reserved 1048576K
}
Event: 1.541 GC heap before
{Heap before GC invocations=3 (full 0):
 garbage-first heap   total 262144K, used 67256K [0x0000000701e00000, 0x0000000800000000)
  region size 1024K, 59 young (60416K), 2 survivors (2048K)
 Metaspace       used 18049K, capacity 18456K, committed 18816K, reserved 1064960K
  class space    used 2166K, capacity 2314K, committed 2432K, reserved 1048576K
}
Event: 1.542 GC heap after
{Heap after GC invocations=4 (full 0):
 garbage-first heap   total 262144K, used 9045K [0x0000000701e00000, 0x0000000800000000)
  region size 1024K, 2 young (2048K), 2 survivors (2048K)
 Metaspace       used 18049K, capacity 18456K, committed 18816K, reserved 1064960K
  class space    used 2166K, capacity 2314K, committed 2432K, reserved 1048576K
}
Event: 2.064 GC heap before
{Heap before GC invocations=4 (full 0):
 garbage-first heap   total 262144K, used 41813K [0x0000000701e00000, 0x0000000800000000)
  region size 1024K, 33 young (33792K), 2 survivors (2048K)
 Metaspace       used 20711K, capacity 21156K, committed 21296K, reserved 1069056K
  class space    used 2474K, capacity 2641K, committed 2688K, reserved 1048576K
}
Event: 2.068 GC heap after
{Heap after GC invocations=5 (full 0):
 garbage-first heap   total 262144K, used 9368K [0x0000000701e00000, 0x0000000800000000)
  region size 1024K, 3 young (3072K), 3 survivors (3072K)
 Metaspace       used 20711K, capacity 21156K, committed 21296K, reserved 1069056K
  class space    used 2474K, capacity 2641K, committed 2688K, reserved 1048576K
}
Event: 2.470 GC heap before
{Heap before GC invocations=6 (full 0):
 garbage-first heap   total 40960K, used 38040K [0x0000000701e00000, 0x0000000800000000)
  region size 1024K, 21 young (21504K), 3 survivors (3072K)
 Metaspace       used 22995K, capacity 23524K, committed 23856K, reserved 1071104K
  class space    used 2667K, capacity 2874K, committed 2944K, reserved 1048576K
}
Event: 2.476 GC heap after
{Heap after GC invocations=7 (full 0):
 garbage-first heap   total 45056K, used 21046K [0x0000000701e00000, 0x0000000800000000)
  region size 1024K, 3 young (3072K), 3 survivors (3072K)
 Metaspace       used 22995K, capacity 23524K, committed 23856K, reserved 1071104K
  class space    used 2667K, capacity 2874K, committed 2944K, reserved 1048576K
}

